Using pre-set license
Built from '2020.3/staging' branch; Version is '2020.3.11f1 (99c7afb366b3) revision 10078127'; Using compiler version '192528614'; Build Type 'Release'
OS: 'Windows 10 Pro; OS build 19042.1052; Version 2009; 64bit' Language: 'en' Physical Memory: 16289 MB
BatchMode: 1, IsHumanControllingUs: 0, StartBugReporterOnCrash: 0, Is64bit: 1, IsPro: 0

 COMMAND LINE ARGUMENTS:
C:\Program Files\Unity\Hub\Editor\2020.3.11f1\Editor\Unity.exe
-adb2
-batchMode
-noUpm
-name
AssetImportWorker0
-projectPath
C:/Users/Vance/Documents/GitHub/Programming-Theory-Repo
-logFile
Logs/AssetImportWorker0.log
-srvPort
55743
Successfully changed project path to: C:/Users/Vance/Documents/GitHub/Programming-Theory-Repo
C:/Users/Vance/Documents/GitHub/Programming-Theory-Repo
Using Asset Import Pipeline V2.
Refreshing native plugins compatible for Editor in 60.35 ms, found 2 plugins.
Preloading 0 native plugins for Editor in 0.00 ms.
Initialize engine version: 2020.3.11f1 (99c7afb366b3)
[Subsystems] Discovering subsystems at path C:/Program Files/Unity/Hub/Editor/2020.3.11f1/Editor/Data/Resources/UnitySubsystems
[Subsystems] Discovering subsystems at path C:/Users/Vance/Documents/GitHub/Programming-Theory-Repo/Assets
GfxDevice: creating device client; threaded=0
Direct3D:
    Version:  Direct3D 11.0 [level 11.0]
    Renderer: Intel(R) HD Graphics 4000 (ID=0x166)
    Vendor:   
    VRAM:     128 MB
    Driver:   10.18.10.5161
Initialize mono
Mono path[0] = 'C:/Program Files/Unity/Hub/Editor/2020.3.11f1/Editor/Data/Managed'
Mono path[1] = 'C:/Program Files/Unity/Hub/Editor/2020.3.11f1/Editor/Data/MonoBleedingEdge/lib/mono/unityjit'
Mono config path = 'C:/Program Files/Unity/Hub/Editor/2020.3.11f1/Editor/Data/MonoBleedingEdge/etc'
Using monoOptions --debugger-agent=transport=dt_socket,embedding=1,server=y,suspend=n,address=127.0.0.1:56472
Begin MonoManager ReloadAssembly
Registering precompiled unity dll's ...
Register platform support module: C:/Program Files/Unity/Hub/Editor/2020.3.11f1/Editor/Data/PlaybackEngines/WebGLSupport/UnityEditor.WebGL.Extensions.dll
Register platform support module: C:/Program Files/Unity/Hub/Editor/2020.3.11f1/Editor/Data/PlaybackEngines/WindowsStandaloneSupport/UnityEditor.WindowsStandalone.Extensions.dll
Registered in 0.007301 seconds.
Native extension for WindowsStandalone target not found
Native extension for WebGL target not found
Refreshing native plugins compatible for Editor in 50.21 ms, found 2 plugins.
Preloading 0 native plugins for Editor in 0.00 ms.
Mono: successfully reloaded assembly
- Completed reload, in  2.943 seconds
Platform modules already initialized, skipping
Registering precompiled user dll's ...
Registered in 0.013569 seconds.
Begin MonoManager ReloadAssembly
Native extension for WindowsStandalone target not found
Native extension for WebGL target not found
Refreshing native plugins compatible for Editor in 0.44 ms, found 2 plugins.
Preloading 0 native plugins for Editor in 0.00 ms.
Mono: successfully reloaded assembly
- Completed reload, in  1.912 seconds
Platform modules already initialized, skipping
========================================================================
Worker process is ready to serve import requests
Launched and connected shader compiler UnityShaderCompiler.exe after 0.11 seconds
Refreshing native plugins compatible for Editor in 0.66 ms, found 2 plugins.
Preloading 0 native plugins for Editor in 0.00 ms.
Unloading 1386 Unused Serialized files (Serialized files now loaded: 0)
System memory in use before: 64.8 MB.
System memory in use after: 64.8 MB.

Unloading 19 unused Assets to reduce memory usage. Loaded Objects now: 1819.
Total: 4.805300 ms (FindLiveObjects: 0.293700 ms CreateObjectMapping: 0.087400 ms MarkObjects: 4.261500 ms  DeleteObjects: 0.159900 ms)

========================================================================
Received Import Request.
  path: Assets/Scripts
  artifactKey: Guid(72b0f874898ee3e42ba814eab5d1c126) Importer(815301076,1909f56bfc062723c751e8b465ee728b)
Start importing Assets/Scripts using Guid(72b0f874898ee3e42ba814eab5d1c126) Importer(815301076,1909f56bfc062723c751e8b465ee728b)  -> (artifact id: 'bb00090f5991e9b9f9ee6f6be4d3482c') in 0.011941 seconds
  Import took 0.017838 seconds .

========================================================================
Received Import Request.
  Time since last request: 13.192595 seconds.
  path: Assets/Scripts/Animals
  artifactKey: Guid(4873314a1b38b8d43a8c5590c5bbf258) Importer(815301076,1909f56bfc062723c751e8b465ee728b)
Start importing Assets/Scripts/Animals using Guid(4873314a1b38b8d43a8c5590c5bbf258) Importer(815301076,1909f56bfc062723c751e8b465ee728b)  -> (artifact id: '274a6578bdbc3324eaed00cd1639ba6d') in 0.005992 seconds
  Import took 0.011631 seconds .

========================================================================
Received Import Request.
  Time since last request: 0.001877 seconds.
  path: Assets/Scripts/Animals
  artifactKey: Guid(4873314a1b38b8d43a8c5590c5bbf258) Importer(815301076,1909f56bfc062723c751e8b465ee728b)
Start importing Assets/Scripts/Animals using Guid(4873314a1b38b8d43a8c5590c5bbf258) Importer(815301076,1909f56bfc062723c751e8b465ee728b)  -> (artifact id: '274a6578bdbc3324eaed00cd1639ba6d') in 0.004682 seconds
  Import took 0.008413 seconds .

========================================================================
Received Import Request.
  Time since last request: 11.608301 seconds.
  path: Assets/Scripts/Planets
  artifactKey: Guid(ffe5e6793b9e1a641a035a3db3c73c45) Importer(815301076,1909f56bfc062723c751e8b465ee728b)
Start importing Assets/Scripts/Planets using Guid(ffe5e6793b9e1a641a035a3db3c73c45) Importer(815301076,1909f56bfc062723c751e8b465ee728b)  -> (artifact id: '94092bfe1bdf85b70dd2f353917dd7eb') in 0.005981 seconds
  Import took 0.010567 seconds .

========================================================================
Received Import Request.
  Time since last request: 0.001549 seconds.
  path: Assets/Scripts/Planets
  artifactKey: Guid(ffe5e6793b9e1a641a035a3db3c73c45) Importer(815301076,1909f56bfc062723c751e8b465ee728b)
Start importing Assets/Scripts/Planets using Guid(ffe5e6793b9e1a641a035a3db3c73c45) Importer(815301076,1909f56bfc062723c751e8b465ee728b)  -> (artifact id: '94092bfe1bdf85b70dd2f353917dd7eb') in 0.004315 seconds
  Import took 0.007831 seconds .

========================================================================
Received Import Request.
  Time since last request: 27.371667 seconds.
  path: Assets/Scripts/Trees
  artifactKey: Guid(1a2c574d76518864abb2f65bef1d38e0) Importer(815301076,1909f56bfc062723c751e8b465ee728b)
Start importing Assets/Scripts/Trees using Guid(1a2c574d76518864abb2f65bef1d38e0) Importer(815301076,1909f56bfc062723c751e8b465ee728b)  -> (artifact id: 'ea8eaf404e49651ac5663f223182b051') in 0.008024 seconds
  Import took 0.014680 seconds .

========================================================================
Received Import Request.
  Time since last request: 12.109147 seconds.
  path: Assets/Scripts/Animals.cs
  artifactKey: Guid(d7470cdcb9eb1ab48aec552c7ea5dfbd) Importer(815301076,1909f56bfc062723c751e8b465ee728b)
Start importing Assets/Scripts/Animals.cs using Guid(d7470cdcb9eb1ab48aec552c7ea5dfbd) Importer(815301076,1909f56bfc062723c751e8b465ee728b)  -> (artifact id: 'a9eb0a0d3533e5feb5202b57f0926373') in 0.125859 seconds
  Import took 0.133163 seconds .

========================================================================
Received Import Request.
  Time since last request: 0.003361 seconds.
  path: Assets/Scripts/Animals.cs
  artifactKey: Guid(d7470cdcb9eb1ab48aec552c7ea5dfbd) Importer(815301076,1909f56bfc062723c751e8b465ee728b)
Start importing Assets/Scripts/Animals.cs using Guid(d7470cdcb9eb1ab48aec552c7ea5dfbd) Importer(815301076,1909f56bfc062723c751e8b465ee728b)  -> (artifact id: 'a9eb0a0d3533e5feb5202b57f0926373') in 0.007901 seconds
  Import took 0.024664 seconds .

========================================================================
Received Prepare
Registering precompiled user dll's ...
Registered in 0.024339 seconds.
Begin MonoManager ReloadAssembly
Native extension for WindowsStandalone target not found
Native extension for WebGL target not found
Refreshing native plugins compatible for Editor in 0.52 ms, found 2 plugins.
Preloading 0 native plugins for Editor in 0.00 ms.
Mono: successfully reloaded assembly
- Completed reload, in  2.140 seconds
Platform modules already initialized, skipping
Refreshing native plugins compatible for Editor in 0.70 ms, found 2 plugins.
Preloading 0 native plugins for Editor in 0.00 ms.
Unloading 1382 Unused Serialized files (Serialized files now loaded: 0)
System memory in use before: 64.7 MB.
System memory in use after: 64.8 MB.

Unloading 14 unused Assets to reduce memory usage. Loaded Objects now: 1823.
Total: 2.851500 ms (FindLiveObjects: 0.235900 ms CreateObjectMapping: 0.146500 ms MarkObjects: 2.384700 ms  DeleteObjects: 0.082600 ms)

========================================================================
Received Prepare
Registering precompiled user dll's ...
Registered in 0.014503 seconds.
Begin MonoManager ReloadAssembly
Native extension for WindowsStandalone target not found
Native extension for WebGL target not found
Refreshing native plugins compatible for Editor in 0.44 ms, found 2 plugins.
Preloading 0 native plugins for Editor in 0.00 ms.
Mono: successfully reloaded assembly
- Completed reload, in  1.848 seconds
Platform modules already initialized, skipping
Refreshing native plugins compatible for Editor in 0.70 ms, found 2 plugins.
Preloading 0 native plugins for Editor in 0.00 ms.
Unloading 1382 Unused Serialized files (Serialized files now loaded: 0)
System memory in use before: 64.8 MB.
System memory in use after: 64.8 MB.

Unloading 14 unused Assets to reduce memory usage. Loaded Objects now: 1826.
Total: 4.434200 ms (FindLiveObjects: 0.847800 ms CreateObjectMapping: 0.193900 ms MarkObjects: 3.305000 ms  DeleteObjects: 0.084000 ms)

========================================================================
Received Import Request.
  Time since last request: 1095.861858 seconds.
  path: Assets/Scripts/Animals.cs
  artifactKey: Guid(d7470cdcb9eb1ab48aec552c7ea5dfbd) Importer(815301076,1909f56bfc062723c751e8b465ee728b)
Start importing Assets/Scripts/Animals.cs using Guid(d7470cdcb9eb1ab48aec552c7ea5dfbd) Importer(815301076,1909f56bfc062723c751e8b465ee728b)  -> (artifact id: '1aa0d0bcb18e3dcf064e82fae99f3987') in 0.008654 seconds
  Import took 0.012964 seconds .

========================================================================
Received Import Request.
  Time since last request: 37.125474 seconds.
  path: Assets/Scripts/Animals/AnimalCat.cs
  artifactKey: Guid(81822ccf0e282344fb520fca8294dadc) Importer(815301076,1909f56bfc062723c751e8b465ee728b)
Start importing Assets/Scripts/Animals/AnimalCat.cs using Guid(81822ccf0e282344fb520fca8294dadc) Importer(815301076,1909f56bfc062723c751e8b465ee728b)  -> (artifact id: '9c1f2a15ea05c3be1008df2ec2fdee85') in 0.020958 seconds
  Import took 0.028007 seconds .

========================================================================
Received Prepare
Registering precompiled user dll's ...
Registered in 0.032027 seconds.
Begin MonoManager ReloadAssembly
Native extension for WindowsStandalone target not found
Native extension for WebGL target not found
Refreshing native plugins compatible for Editor in 0.48 ms, found 2 plugins.
Preloading 0 native plugins for Editor in 0.00 ms.
Mono: successfully reloaded assembly
- Completed reload, in  2.099 seconds
Platform modules already initialized, skipping
Refreshing native plugins compatible for Editor in 0.75 ms, found 2 plugins.
Preloading 0 native plugins for Editor in 0.00 ms.
Unloading 1383 Unused Serialized files (Serialized files now loaded: 0)
System memory in use before: 64.8 MB.
System memory in use after: 64.9 MB.

Unloading 14 unused Assets to reduce memory usage. Loaded Objects now: 1830.
Total: 3.000400 ms (FindLiveObjects: 0.226900 ms CreateObjectMapping: 0.139000 ms MarkObjects: 2.558500 ms  DeleteObjects: 0.074300 ms)

========================================================================
Received Prepare
Registering precompiled user dll's ...
Registered in 0.014493 seconds.
Begin MonoManager ReloadAssembly
Native extension for WindowsStandalone target not found
Native extension for WebGL target not found
Refreshing native plugins compatible for Editor in 0.44 ms, found 2 plugins.
Preloading 0 native plugins for Editor in 0.00 ms.
Mono: successfully reloaded assembly
- Completed reload, in  1.825 seconds
Platform modules already initialized, skipping
Refreshing native plugins compatible for Editor in 1.30 ms, found 2 plugins.
Preloading 0 native plugins for Editor in 0.00 ms.
Unloading 1383 Unused Serialized files (Serialized files now loaded: 0)
System memory in use before: 64.8 MB.
System memory in use after: 64.9 MB.

Unloading 14 unused Assets to reduce memory usage. Loaded Objects now: 1833.
Total: 3.411100 ms (FindLiveObjects: 0.405500 ms CreateObjectMapping: 0.173200 ms MarkObjects: 2.753400 ms  DeleteObjects: 0.076600 ms)

========================================================================
Received Import Request.
  Time since last request: 194.977133 seconds.
  path: Assets/Scripts/Animals/AnimalCat.cs
  artifactKey: Guid(81822ccf0e282344fb520fca8294dadc) Importer(815301076,1909f56bfc062723c751e8b465ee728b)
Start importing Assets/Scripts/Animals/AnimalCat.cs using Guid(81822ccf0e282344fb520fca8294dadc) Importer(815301076,1909f56bfc062723c751e8b465ee728b)  -> (artifact id: '641ab065376519a4677936956351f265') in 0.008122 seconds
  Import took 0.015142 seconds .

========================================================================
Received Import Request.
  Time since last request: 13.226925 seconds.
  path: Assets/Scripts/PlayerAttributes.cs
  artifactKey: Guid(a398237c38aa2d944bbdec91a9f7818e) Importer(815301076,1909f56bfc062723c751e8b465ee728b)
Start importing Assets/Scripts/PlayerAttributes.cs using Guid(a398237c38aa2d944bbdec91a9f7818e) Importer(815301076,1909f56bfc062723c751e8b465ee728b)  -> (artifact id: 'b6536cb7aea30f3c15a0264ea9905b08') in 0.009432 seconds
  Import took 0.020543 seconds .

========================================================================
Received Import Request.
  Time since last request: 0.048959 seconds.
  path: Assets/Scripts/PlayerAttributes.cs
  artifactKey: Guid(a398237c38aa2d944bbdec91a9f7818e) Importer(815301076,1909f56bfc062723c751e8b465ee728b)
Start importing Assets/Scripts/PlayerAttributes.cs using Guid(a398237c38aa2d944bbdec91a9f7818e) Importer(815301076,1909f56bfc062723c751e8b465ee728b)  -> (artifact id: 'b6536cb7aea30f3c15a0264ea9905b08') in 0.011199 seconds
  Import took 0.018209 seconds .

========================================================================
Received Prepare
Registering precompiled user dll's ...
Registered in 0.016890 seconds.
Begin MonoManager ReloadAssembly
Native extension for WindowsStandalone target not found
Native extension for WebGL target not found
Refreshing native plugins compatible for Editor in 0.47 ms, found 2 plugins.
Preloading 0 native plugins for Editor in 0.00 ms.
Mono: successfully reloaded assembly
- Completed reload, in  2.115 seconds
Platform modules already initialized, skipping
Refreshing native plugins compatible for Editor in 0.72 ms, found 2 plugins.
Preloading 0 native plugins for Editor in 0.00 ms.
Unloading 1384 Unused Serialized files (Serialized files now loaded: 0)
System memory in use before: 64.8 MB.
System memory in use after: 64.9 MB.

Unloading 14 unused Assets to reduce memory usage. Loaded Objects now: 1837.
Total: 5.215100 ms (FindLiveObjects: 0.241900 ms CreateObjectMapping: 0.143700 ms MarkObjects: 4.736400 ms  DeleteObjects: 0.090800 ms)

